{"time":"2025-05-11T13:04:20.5116246+02:00","level":"INFO","msg":"CPU metrics","average_load":[3.545232274016962]}
{"time":"2025-05-11T13:04:20.511804287+02:00","level":"INFO","msg":"CPU metrics","cores":[3.883495145631925,10.67961165055402,5.88235294110304,0.9900990099134721,1.9607843137604573,2.941176470504314,0.9900990099277373,0]}
{"time":"2025-05-11T13:04:21.490366142+02:00","level":"INFO","msg":"CPU metrics","average_load":[2.5641025640116744]}
{"time":"2025-05-11T13:04:21.490452093+02:00","level":"INFO","msg":"CPU metrics","cores":[2.0408163264908383,7.216494845322159,2.040816326583644,2.040816326583644,3.0303030303531404,4.08163265310668,1.0204081631838644,2.0202020201435587]}
{"time":"2025-05-11T13:04:35.394077898+02:00","level":"INFO","msg":"CPU metrics","average_load":[3.721488595428948]}
{"time":"2025-05-11T13:04:35.394230853+02:00","level":"INFO","msg":"CPU metrics","cores":[4.854368932061981,13.46153846156537,5.714285714221369,0.9615384614779182,0,0.9615384615653696,2.8571428571106847,0]}
{"time":"2025-05-11T13:04:36.35246242+02:00","level":"INFO","msg":"CPU metrics","average_load":[4.705882352934463]}
{"time":"2025-05-11T13:04:36.352528376+02:00","level":"INFO","msg":"CPU metrics","cores":[2.0833333333017534,3.0927835051720383,1.0416666666982464,1.0752688172190228,17.525773195862758,8.333333333396492,1.05263157897357,3.1249999999052607]}
{"time":"2025-05-11T13:04:37.352956418+02:00","level":"INFO","msg":"CPU metrics","average_load":[7.052896725461119]}
{"time":"2025-05-11T13:04:37.353030492+02:00","level":"INFO","msg":"CPU metrics","cores":[2.970297029693163,5.102040816349258,1.0101010101325607,28.28282828306862,2.9999999998835847,2.000000000014552,13.861386138718176,2.0202020202354265]}
{"time":"2025-05-11T13:04:38.352344911+02:00","level":"INFO","msg":"CPU metrics","average_load":[2.3869346734072554]}
{"time":"2025-05-11T13:04:38.352385466+02:00","level":"INFO","msg":"CPU metrics","cores":[5.050505050588567,5.102040816383351,1.9801980198269442,1.000000000007276,2.0000000000436557,4.040404040530243,0,0]}
{"time":"2025-05-11T13:04:39.352779699+02:00","level":"INFO","msg":"CPU metrics","average_load":[2.380952380952381]}
{"time":"2025-05-11T13:04:39.352838724+02:00","level":"INFO","msg":"CPU metrics","cores":[1.0000000000218279,0,0,2.970297029783212,1.0101010101325607,10.891089108844914,1.0000000000218279,1.0101010101177132]}
{"time":"2025-05-11T13:04:40.353176332+02:00","level":"INFO","msg":"CPU metrics","average_load":[3.8993710691188426]}
{"time":"2025-05-11T13:04:40.353222534+02:00","level":"INFO","msg":"CPU metrics","cores":[0,4.999999999854481,3.0303030303531404,1.0101010101325607,2.0000000000436557,12.121212121228824,5.940594059386326,2.000000000014552]}
{"time":"2025-05-11T13:04:41.352412718+02:00","level":"INFO","msg":"CPU metrics","average_load":[2.2641509435046707]}
{"time":"2025-05-11T13:04:41.352468525+02:00","level":"INFO","msg":"CPU metrics","cores":[1.99999999998181,1.0000000000363798,1.0101010099339771,1.010101010102866,1.9999999999527063,9.18367346930442,0,3.9603960395879123]}
{"time":"2025-05-11T13:04:42.352844101+02:00","level":"INFO","msg":"CPU metrics","average_load":[2.1383647798647742]}
{"time":"2025-05-11T13:04:42.352903754+02:00","level":"INFO","msg":"CPU metrics","cores":[2.0202020201435587,0,0,0.9900990099277373,1.0101010100258454,6.185567010342143,2.999999999974534,2.0202020202354265]}
{"time":"2025-05-11T13:20:15.928176+02:00","level":"INFO","msg":"CPU metrics","average_load":[1.8337408313910983]}
{"time":"2025-05-11T13:20:15.928348375+02:00","level":"INFO","msg":"CPU metrics","cores":[2.94117647055152,0.9803921568802286,0.9708737864300564,2.912621359201869,1.9607843137604573,3.8834951456653597,0,0.9803921568942155]}
{"time":"2025-05-11T13:20:16.904925699+02:00","level":"INFO","msg":"CPU metrics","average_load":[6.905370844046168]}
{"time":"2025-05-11T13:20:16.905009495+02:00","level":"INFO","msg":"CPU metrics","cores":[11.224489795931625,2.0408163264908383,4.123711340197486,2.061855670176556,4.123711340135623,7.00000000007276,2.0202020202651214,22.680412371226815]}
{"time":"2025-05-11T13:20:17.904233008+02:00","level":"INFO","msg":"CPU metrics","average_load":[2.8894472361009815]}
{"time":"2025-05-11T13:20:17.904325944+02:00","level":"INFO","msg":"CPU metrics","cores":[3.0303030303976826,3.030303030261272,1.0101010101177132,2.999999999974534,2.020202020202948,1.000000000007276,1.000000000007276,10.00000000003638]}
{"time":"2025-05-11T13:20:18.905045615+02:00","level":"INFO","msg":"CPU metrics","average_load":[11.01376720915179]}
{"time":"2025-05-11T13:20:18.90513879+02:00","level":"INFO","msg":"CPU metrics","cores":[5.050505050496699,3.0303030303976826,2.999999999974534,7.070707070732126,5.940594059390784,0,2.970297029783212,61.00000000005821]}
{"time":"2025-05-11T13:20:19.904588644+02:00","level":"INFO","msg":"CPU metrics","average_load":[6.944444444444445]}
{"time":"2025-05-11T13:20:19.904678882+02:00","level":"INFO","msg":"CPU metrics","cores":[6.060606060522544,3.0000000000654836,1.0101010101177132,8.999999999923602,0,14.141414141096778,4.040404040346507,17.34693877533217]}
{"time":"2025-05-11T13:20:20.904508508+02:00","level":"INFO","msg":"CPU metrics","average_load":[3.51317440396145]}
{"time":"2025-05-11T13:20:20.904581083+02:00","level":"INFO","msg":"CPU metrics","cores":[11.764705882463087,1.0204081631990163,2.0202020201732536,2.0202020202354265,5.00000000001819,2.0000000000727596,3.0000000000654836,0]}
{"time":"2025-05-11T13:20:21.905136738+02:00","level":"INFO","msg":"CPU metrics","average_load":[2.763819095504947]}
{"time":"2025-05-11T13:20:21.905221608+02:00","level":"INFO","msg":"CPU metrics","cores":[1.02040816327667,6.862745097983268,1.000000000007276,1.9801980197368951,6.060606060614412,0,3.0303030301248617,1.9801980196468463]}
{"time":"2025-05-11T13:20:22.904902073+02:00","level":"INFO","msg":"CPU metrics","average_load":[3.2418952617725374]}
{"time":"2025-05-11T13:20:22.904985654+02:00","level":"INFO","msg":"CPU metrics","cores":[1.99999999998181,1.0101010101177132,1.0101010101325607,2.999999999974534,12.5,3.0303030303531404,2.0202020202948163,0]}
{"time":"2025-05-11T13:20:23.904689527+02:00","level":"INFO","msg":"CPU metrics","average_load":[11.40350877190903]}
{"time":"2025-05-11T13:20:23.904776621+02:00","level":"INFO","msg":"CPU metrics","cores":[8.000000000083674,3.9603960396209006,6.000000000040018,2.970297029783212,4.99999999994543,62.999999999919964,3.999999999847205,1.0000000000363798]}
{"time":"2025-05-11T13:20:24.904426808+02:00","level":"INFO","msg":"CPU metrics","average_load":[2.7603513174646848]}
{"time":"2025-05-11T13:20:24.904494861+02:00","level":"INFO","msg":"CPU metrics","cores":[4.040404040319596,1.0204081631990163,1.0101010101177132,1.0101010101325607,0.9999999999454303,3.0000000000654836,2.970297029783212,6.122448979567214]}
{"time":"2025-05-11T13:20:25.905027985+02:00","level":"INFO","msg":"CPU metrics","average_load":[3.391959799012429]}
{"time":"2025-05-11T13:20:25.905088921+02:00","level":"INFO","msg":"CPU metrics","cores":[9.00000000014552,0,1.99999999998181,1.0000000000218279,9.900990098954624,3.0000000000654836,2.0202020200813853,1.0101010100406926]}
{"time":"2025-05-11T13:20:26.904556337+02:00","level":"INFO","msg":"CPU metrics","average_load":[6.52446675029638]}
{"time":"2025-05-11T13:20:26.904613414+02:00","level":"INFO","msg":"CPU metrics","cores":[4.040404040287117,2.941176470640686,1.000000000007276,2.0202020201435587,12.871287128790437,2.9999999998835847,24.9999999998181,2.0202020202354265]}
{"time":"2025-05-11T13:21:14.24240025+02:00","level":"INFO","msg":"CPU metrics","average_load":[1.7964071855389965]}
{"time":"2025-05-11T13:21:14.242692488+02:00","level":"INFO","msg":"CPU metrics","cores":[1.9230769231038312,0.9615384615519156,0.9523809523256815,4.716981132038237,0.970873786341756,2.9126213591135683,1.9047619045985669,0]}
{"time":"2025-05-11T13:21:15.201157922+02:00","level":"INFO","msg":"CPU metrics","average_load":[3.6505867014938964]}
{"time":"2025-05-11T13:21:15.201240152+02:00","level":"INFO","msg":"CPU metrics","cores":[2.083333333364913,1.0526315788778335,2.083333333364913,4.166666666635087,0,9.574468085291658,6.1855670105296685,2.061855670051862]}
{"time":"2025-05-11T13:21:16.20071978+02:00","level":"INFO","msg":"CPU metrics","average_load":[2.7638190954135404]}
{"time":"2025-05-11T13:21:16.200779145+02:00","level":"INFO","msg":"CPU metrics","cores":[1.0101010101325607,3.0303030303058143,3.030303030261272,7.216494845524184,2.000000000014552,0.9900990097333742,3.9999999999054126,0]}
{"time":"2025-05-11T13:21:17.200277815+02:00","level":"INFO","msg":"CPU metrics","average_load":[2.6415094339667538]}
{"time":"2025-05-11T13:21:17.2003717+02:00","level":"INFO","msg":"CPU metrics","cores":[3.999999999847205,1.9801980198269442,0,2.0202020202354265,1.0101010101325607,3.0000000000654836,4.0000000000873115,5.050505050496699]}
{"time":"2025-05-11T13:21:18.200470142+02:00","level":"INFO","msg":"CPU metrics","average_load":[8.020050125415887]}
{"time":"2025-05-11T13:21:18.200534845+02:00","level":"INFO","msg":"CPU metrics","cores":[2.0202020202651214,2.999999999974534,3.999999999996362,4.950495049387263,29.292929292770616,3.0000000000654836,1.0101010101177132,19.000000000327418]}
{"time":"2025-05-11T13:21:19.201074121+02:00","level":"INFO","msg":"CPU metrics","average_load":[3.5175879396488847]}
{"time":"2025-05-11T13:21:19.201138881+02:00","level":"INFO","msg":"CPU metrics","cores":[5.999999999952706,10.101010101141872,1.0000000000218279,0,2.0202020202354265,2.0202020200813853,4.040404040287117,1.9801980198269442]}
{"time":"2025-05-11T13:21:20.200627221+02:00","level":"INFO","msg":"CPU metrics","average_load":[3.6204744069071157]}
{"time":"2025-05-11T13:21:20.200685729+02:00","level":"INFO","msg":"CPU metrics","cores":[2.0000000000727596,14.851485148341887,0,1.0000000000363798,4.901960784292745,1.0101010101177132,4.000000000145519,2.020202020051691]}
{"time":"2025-05-11T13:21:21.201164443+02:00","level":"INFO","msg":"CPU metrics","average_load":[3.499999999985448]}
{"time":"2025-05-11T13:21:21.20122169+02:00","level":"INFO","msg":"CPU metrics","cores":[0,10.101010101050004,2.9702970296503675,2.0202020202354265,2.0000000000436557,2.941176470640686,4.950495049387263,2.970297029783212]}
{"time":"2025-05-11T13:21:22.200776881+02:00","level":"INFO","msg":"CPU metrics","average_load":[2.8894472361432397]}
{"time":"2025-05-11T13:21:22.200848846+02:00","level":"INFO","msg":"CPU metrics","cores":[3.0303030303058143,1.9801980198269442,1.0101010101177132,1.0101010100258454,2.999999999974534,9.09090909100931,3.0000000000654836,1.020408163291822]}
{"time":"2025-05-11T13:22:23.364472991+02:00","level":"INFO","msg":"CPU metrics","average_load":[7.0110701108833995]}
{"time":"2025-05-11T13:22:23.364652426+02:00","level":"INFO","msg":"CPU metrics","cores":[10.00000000009095,1.9801980198269442,4.901960784311977,3.9603960396209006,12.62135922332583,8.823529411869607,8.910891089169539,2.941176470504314]}
{"time":"2025-05-11T13:22:24.340897377+02:00","level":"INFO","msg":"CPU metrics","average_load":[9.266409266169557]}
{"time":"2025-05-11T13:22:24.341011963+02:00","level":"INFO","msg":"CPU metrics","cores":[8.247422680582496,13.541666666792985,6.185567010435906,3.0612244897372043,3.092783505124674,34.00000000001455,3.125000000094739,3.0927835051720383]}
{"time":"2025-05-11T13:22:25.341584429+02:00","level":"INFO","msg":"CPU metrics","average_load":[5.2697616060961225]}
{"time":"2025-05-11T13:22:25.341621176+02:00","level":"INFO","msg":"CPU metrics","cores":[1.0101010100258454,15.151515151398229,1.0101010100109977,1.020408163291822,2.0202020201435587,11.999999999905413,3.9999999999054126,2.999999999974534]}
{"time":"2025-05-11T13:22:26.341526956+02:00","level":"INFO","msg":"CPU metrics","average_load":[6.766917293161101]}
{"time":"2025-05-11T13:22:26.341606655+02:00","level":"INFO","msg":"CPU metrics","cores":[9.900990099097275,20.792079208032238,5.050505050570936,2.9702970297404163,3.960396039710949,1.0000000000363798,9.000000000014552,6.000000000040018]}
{"time":"2025-05-11T13:22:39.82893861+02:00","level":"INFO","msg":"CPU metrics","average_load":[7.107843137146504]}
{"time":"2025-05-11T13:22:39.829130343+02:00","level":"INFO","msg":"CPU metrics","cores":[2.9702970297404163,1.9801980196753766,2.884615384696109,13.592233009667588,13.725490196055704,14.851485148341887,4.854368932150281,0.9900990099277373]}
{"time":"2025-05-11T13:22:40.804250924+02:00","level":"INFO","msg":"CPU metrics","average_load":[4.516129032307126]}
{"time":"2025-05-11T13:22:40.804294152+02:00","level":"INFO","msg":"CPU metrics","cores":[5.154639175176536,12.5,1.0526315788778335,1.0416666666982464,3.0612244897826604,2.040816326613948,5.154639175176536,8.080808080757972]}
{"time":"2025-05-11T13:22:41.804549496+02:00","level":"INFO","msg":"CPU metrics","average_load":[4.287515762945616]}
{"time":"2025-05-11T13:22:41.804589457+02:00","level":"INFO","msg":"CPU metrics","cores":[5.882352941365293,1.9999999999527063,1.9999999999527063,5.154639175364061,2.0202020202651214,1.0204081630910589,4.999999999854481,11.224489795931625]}
{"time":"2025-05-11T13:22:42.804998068+02:00","level":"INFO","msg":"CPU metrics","average_load":[6.022584692567229]}
{"time":"2025-05-11T13:22:42.805062301+02:00","level":"INFO","msg":"CPU metrics","cores":[8.999999999792635,6.060606060703496,6.930693069404112,6.185567010249348,6.060606060522544,1.0101010101325607,7.07070707074419,3.9603960396209006]}
{"time":"2025-05-11T13:22:43.804285714+02:00","level":"INFO","msg":"CPU metrics","average_load":[5.018820577200218]}
{"time":"2025-05-11T13:22:43.804332118+02:00","level":"INFO","msg":"CPU metrics","cores":[9.000000000014552,2.9702970296503675,2.0000000000436557,2.0000000000436557,15.841584158483602,1.02040816327667,4.040404040470853,4.081632653013875]}
{"time":"2025-05-11T13:22:44.804228378+02:00","level":"INFO","msg":"CPU metrics","average_load":[7.035175879297769]}
{"time":"2025-05-11T13:22:44.804278249+02:00","level":"INFO","msg":"CPU metrics","cores":[10.101010101141872,3.0612244897826604,1.0101010100258454,2.020202020051691,3.0303030303976826,5.940594059566424,25,5.00000000001819]}
{"time":"2025-05-11T13:22:45.804302667+02:00","level":"INFO","msg":"CPU metrics","average_load":[6.140350877181786]}
{"time":"2025-05-11T13:22:45.804355754+02:00","level":"INFO","msg":"CPU metrics","cores":[7.070707070548389,2.999999999974534,2.0202020201732536,5.050505050662804,20.202020201597982,3.9999999999054126,4.040404040530243,1.0000000000218279]}
{"time":"2025-05-11T13:22:46.804658398+02:00","level":"INFO","msg":"CPU metrics","average_load":[4.918032787010089]}
{"time":"2025-05-11T13:22:46.804766743+02:00","level":"INFO","msg":"CPU metrics","cores":[7.070707070823993,4.000000000145519,6.930693069304255,3.000000000021828,12.244897959223447,3.0303030303531404,4.040404040287117,2.0202020202354265]}
{"time":"2025-05-11T13:22:47.804535393+02:00","level":"INFO","msg":"CPU metrics","average_load":[9.937106918308181]}
{"time":"2025-05-11T13:22:47.80462154+02:00","level":"INFO","msg":"CPU metrics","cores":[4.950495049458588,8.080808080757972,18.18181818201862,14.14141414148838,11.88118811895275,14.705882352846766,4.040404040530243,5]}
{"time":"2025-05-11T13:22:48.804121292+02:00","level":"INFO","msg":"CPU metrics","average_load":[12.610340479111484]}
{"time":"2025-05-11T13:22:48.804155152+02:00","level":"INFO","msg":"CPU metrics","cores":[10.204081632639802,17.99999999967622,16.161616161515944,9.183673469440787,14.14141414148838,5.154639175253865,6.060606060522544,19.19191919186908]}
{"time":"2025-05-11T13:22:49.804718832+02:00","level":"INFO","msg":"CPU metrics","average_load":[9.296482412078214]}
{"time":"2025-05-11T13:22:49.804804397+02:00","level":"INFO","msg":"CPU metrics","cores":[30.612244897650463,8.910891089259588,6.999999999970896,6.060606060522544,4.081632653013875,3.9603960396538884,5.940594059386326,10.999999999967258]}
{"time":"2025-05-11T13:22:50.804384629+02:00","level":"INFO","msg":"CPU metrics","average_load":[4.539722572487475]}
{"time":"2025-05-11T13:22:50.804451696+02:00","level":"INFO","msg":"CPU metrics","cores":[9.183673469440787,5.050505050479067,2.999999999974534,3.0000000000654836,1.0000000000218279,0.9999999998399289,9.278350515467784,3.999999999996362]}
{"time":"2025-05-11T13:22:51.804511502+02:00","level":"INFO","msg":"CPU metrics","average_load":[9.147869674155757]}
{"time":"2025-05-11T13:22:51.804609475+02:00","level":"INFO","msg":"CPU metrics","cores":[13.999999999941792,11.881188118781568,7.070707070732126,4.950495049458588,18.36734693860884,5.050505050662804,8.163265305963353,3.9603960396209006]}
{"time":"2025-05-11T13:22:52.804502535+02:00","level":"INFO","msg":"CPU metrics","average_load":[9.457755359425365]}
{"time":"2025-05-11T13:22:52.804602555+02:00","level":"INFO","msg":"CPU metrics","cores":[9.183673469533593,1.0416666666824566,11.8811881188627,3.0303030303531404,13.265306122712245,18.000000000029104,14.99999999992724,3.030303030261272]}
{"time":"2025-05-11T13:22:53.803986952+02:00","level":"INFO","msg":"CPU metrics","average_load":[7.044025157244676]}
{"time":"2025-05-11T13:22:53.804027083+02:00","level":"INFO","msg":"CPU metrics","cores":[22.999999999865395,4.040404040346507,6.122448979567214,5.050505050404831,4.950495049387263,3.9999999999054126,5.050505050479067,3.0303030303058143]}
{"time":"2025-05-11T13:22:54.804231145+02:00","level":"INFO","msg":"CPU metrics","average_load":[4.636591478740388]}
{"time":"2025-05-11T13:22:54.80428125+02:00","level":"INFO","msg":"CPU metrics","cores":[23.232323232339937,2.0000000000436557,1.99999999998181,2.0202020202651214,3.0000000000654836,1.9801980198269442,4.0000000000873115,1.010101010102866]}
{"time":"2025-05-11T13:22:55.804694398+02:00","level":"INFO","msg":"CPU metrics","average_load":[10.401002506220646]}
{"time":"2025-05-11T13:22:55.804751817+02:00","level":"INFO","msg":"CPU metrics","cores":[29.99999999992724,5.102040816290545,23.232323232248067,11.76470588220608,3.0303030303058143,2.0202020202651214,2.9999999998835847,3.0000000001091394]}
{"time":"2025-05-11T13:22:56.804315786+02:00","level":"INFO","msg":"CPU metrics","average_load":[10.09975062347963]}
{"time":"2025-05-11T13:22:56.804385834+02:00","level":"INFO","msg":"CPU metrics","cores":[8.823529411743726,6.0606060606116285,14.851485148431934,30.00000000010914,6.930693069214207,4.040404040287117,4.95049504956736,5.050505050404831]}
{"time":"2025-05-11T13:22:57.804201249+02:00","level":"INFO","msg":"CPU metrics","average_load":[8.657465495576803]}
{"time":"2025-05-11T13:22:57.804272199+02:00","level":"INFO","msg":"CPU metrics","cores":[12.000000000254659,1.0101010101325607,3.99999999996362,35.643564356498054,1.0101010101177132,3.0303030303531404,9.00000000014552,3.960396039710949]}
{"time":"2025-05-11T13:22:58.804308738+02:00","level":"INFO","msg":"CPU metrics","average_load":[6.892230576393114]}
{"time":"2025-05-11T13:22:58.804368439+02:00","level":"INFO","msg":"CPU metrics","cores":[11.999999999898137,3.0000000000654836,0,9.803921568623954,18.811881188176766,1.0101010101325607,1.020408163291822,8.163265305934944]}
{"time":"2025-05-11T13:22:59.804150996+02:00","level":"INFO","msg":"CPU metrics","average_load":[6.766917293259819]}
{"time":"2025-05-11T13:22:59.804206288+02:00","level":"INFO","msg":"CPU metrics","cores":[34.02061855674646,1.999999999832653,2.999999999974534,2.970297029783212,2.970297029693163,1.02040816327667,4.000000000029104,5.882352941276127]}
{"time":"2025-05-11T13:23:00.804274918+02:00","level":"INFO","msg":"CPU metrics","average_load":[6.926952141143339]}
{"time":"2025-05-11T13:23:00.804313944+02:00","level":"INFO","msg":"CPU metrics","cores":[5.050505050404831,7.07070707074419,1.0101010101177132,1.02040816327667,29.292929292770616,1.9999999998908606,6.060606060427892,2.0202020202354265]}
{"time":"2025-05-11T13:23:01.804234515+02:00","level":"INFO","msg":"CPU metrics","average_load":[9.786700125398925]}
{"time":"2025-05-11T13:23:01.804268854+02:00","level":"INFO","msg":"CPU metrics","cores":[38.38383838364629,7.920792079421898,3.0303030303531404,5.999999999949068,6.122448979567214,2.04081632655334,9.000000000014552,5.00000000001819]}
{"time":"2025-05-11T13:23:02.804201166+02:00","level":"INFO","msg":"CPU metrics","average_load":[14.949748743599168]}
{"time":"2025-05-11T13:23:02.804235351+02:00","level":"INFO","msg":"CPU metrics","cores":[64.2857142859927,7.920792079127679,7.142857142870401,14.851485148555865,7.920792079241801,4.000000000145519,7.920792079127679,9.000000000014552]}
{"time":"2025-05-11T13:23:03.804247752+02:00","level":"INFO","msg":"CPU metrics","average_load":[11.097256857983414]}
{"time":"2025-05-11T13:23:03.804296803+02:00","level":"INFO","msg":"CPU metrics","cores":[43.13725490236465,5.050505050404831,3.9603960396538884,7.070707070640257,3.030303030261272,13.861386138428413,4.08163265310668,6.8627450980811755]}
{"time":"2025-05-11T13:23:04.804198814+02:00","level":"INFO","msg":"CPU metrics","average_load":[13.965087281795737]}
{"time":"2025-05-11T13:23:04.804237041+02:00","level":"INFO","msg":"CPU metrics","cores":[63.72549019496822,7.07070707074419,12.745098039268138,5.999999999949068,5.000000000181899,4.040404040470853,6.9306930695940165,4.99999999992724]}
{"time":"2025-05-11T13:23:05.804248524+02:00","level":"INFO","msg":"CPU metrics","average_load":[8.76095118883237]}
{"time":"2025-05-11T13:23:05.80429078+02:00","level":"INFO","msg":"CPU metrics","cores":[37.37373737407793,4.08163265310668,3.0303030303085983,1.0000000000363798,1.0204081630910589,6.8627450979028435,6.930693069214207,9.090909090967553]}
{"time":"2025-05-11T13:23:06.804388011+02:00","level":"INFO","msg":"CPU metrics","average_load":[15.037593985052212]}
{"time":"2025-05-11T13:23:06.804456115+02:00","level":"INFO","msg":"CPU metrics","cores":[30.00000000001819,6.0606060606116285,13.000000000200087,5.050505050588567,6.000000000040018,11.650485436819476,9.090909090875684,40.9999999998945]}
{"time":"2025-05-11T13:23:07.804451197+02:00","level":"INFO","msg":"CPU metrics","average_load":[4.6540880502831525]}
{"time":"2025-05-11T13:23:07.804537072+02:00","level":"INFO","msg":"CPU metrics","cores":[2.999999999974534,2.0000000000436557,0,2.970297029560318,3.0303030303976826,3.0000000000654836,3.030303030213946,20.999999999788997]}
{"time":"2025-05-11T13:23:08.804267737+02:00","level":"INFO","msg":"CPU metrics","average_load":[6.766917293350996]}
{"time":"2025-05-11T13:23:08.804352699+02:00","level":"INFO","msg":"CPU metrics","cores":[3.061224489875466,2.0202020202354265,2.0202020201435587,0,4.950495049477312,17.346938775589752,4.040404040530243,18.00000000020009]}
{"time":"2025-05-11T13:23:09.804547148+02:00","level":"INFO","msg":"CPU metrics","average_load":[5.527638190929052]}
{"time":"2025-05-11T13:23:09.804634201+02:00","level":"INFO","msg":"CPU metrics","cores":[10.10101010090153,6.060606060522544,3.9603960396209006,3.9603960396538884,2.970297029783212,7.999999999992724,4.999999999854481,6.18556701034311]}
{"time":"2025-05-11T13:23:10.804625078+02:00","level":"INFO","msg":"CPU metrics","average_load":[8.196721311469393]}
{"time":"2025-05-11T13:23:10.8047167+02:00","level":"INFO","msg":"CPU metrics","cores":[8.16326530602775,12.00000000007276,7.070707070732126,10.20408163273261,4.081632652981677,8.163265306148965,12.00000000007276,2.0000000000436557]}
{"time":"2025-05-11T13:23:11.804321206+02:00","level":"INFO","msg":"CPU metrics","average_load":[5.541561712833422]}
{"time":"2025-05-11T13:23:11.80437902+02:00","level":"INFO","msg":"CPU metrics","cores":[25.510204082117514,2.0202020202354265,1.0000000000363798,3.0303030303976826,3.9603960395638396,4.950495049387263,3.0303030303085983,2.0408163264605346]}
{"time":"2025-05-11T13:23:12.804207813+02:00","level":"INFO","msg":"CPU metrics","average_load":[8.145363408467373]}
{"time":"2025-05-11T13:23:12.804241236+02:00","level":"INFO","msg":"CPU metrics","cores":[8.999999999883585,3.9999999999054126,7.999999999785359,3.999999999847205,24.24242424263025,5.000000000181899,6.000000000130967,5.00000000001819]}
{"time":"2025-05-11T13:23:13.804219809+02:00","level":"INFO","msg":"CPU metrics","average_load":[17.72151898747701]}
{"time":"2025-05-11T13:23:13.804284181+02:00","level":"INFO","msg":"CPU metrics","cores":[5.102040816273499,7.14285714293669,49.49494949466554,28.000000000065484,19.19191919186908,17.171717171633656,7.07070707074419,8.16326530627018]}
{"time":"2025-05-11T13:23:14.80432824+02:00","level":"INFO","msg":"CPU metrics","average_load":[16.120906800869985]}
{"time":"2025-05-11T13:23:14.804384436+02:00","level":"INFO","msg":"CPU metrics","cores":[5.050505050479067,9.900990099239927,2.040816326613948,66.32653061248354,10.891089108844914,13.265306122422462,5.999999999949068,16.3265306120555]}
{"time":"2025-05-11T13:23:15.804349575+02:00","level":"INFO","msg":"CPU metrics","average_load":[8.438287153566066]}
{"time":"2025-05-11T13:23:15.804408999+02:00","level":"INFO","msg":"CPU metrics","cores":[4.000000000029104,3.030303030169404,3.0303030303085983,26.732673267328515,4.040404040470853,7.070707070640257,3.0927835050309116,15.841584158483602]}
{"time":"2025-05-11T13:23:16.805015883+02:00","level":"INFO","msg":"CPU metrics","average_load":[7.222914072330471]}
{"time":"2025-05-11T13:23:16.80509435+02:00","level":"INFO","msg":"CPU metrics","cores":[7.999999999992724,4.0000000000873115,5,11.000000000058208,5,2.0202020202651214,4.950495049638687,17.821782178339078]}
{"time":"2025-05-11T13:23:17.804449681+02:00","level":"INFO","msg":"CPU metrics","average_load":[5.56962025309554]}
{"time":"2025-05-11T13:23:17.80452566+02:00","level":"INFO","msg":"CPU metrics","cores":[2.999999999974534,0,0,2.0000000000436557,2.04081632655334,4.08163265310668,4.040404040287117,27.551020407820452]}
{"time":"2025-05-11T13:23:18.804259071+02:00","level":"INFO","msg":"CPU metrics","average_load":[7.2772898370420505]}
{"time":"2025-05-11T13:23:18.804299895+02:00","level":"INFO","msg":"CPU metrics","cores":[0,3.061224489689855,6.122448979567214,9.000000000014552,23.000000000138243,6.930693069133966,2.0000000000436557,9.000000000105501]}
{"time":"2025-05-11T13:23:19.804407343+02:00","level":"INFO","msg":"CPU metrics","average_load":[3.7783375314023573]}
{"time":"2025-05-11T13:23:19.804475506+02:00","level":"INFO","msg":"CPU metrics","cores":[2.0000000000436557,4.0000000000873115,2.040816326613948,13.999999999941792,2.0408163263980326,2.0202020202354265,1.020408163291822,1.0101010100258454]}
{"time":"2025-05-11T13:23:20.804261664+02:00","level":"INFO","msg":"CPU metrics","average_load":[6.641604010025977]}
{"time":"2025-05-11T13:23:20.804302688+02:00","level":"INFO","msg":"CPU metrics","cores":[5.050505050479067,7.999999999992724,9.999999999799911,8.823529411743726,4.99999999992724,5.050505050588567,2.04081632655334,9.803921568674657]}
{"time":"2025-05-11T13:23:53.223633778+02:00","level":"INFO","msg":"CPU metrics","average_load":[4.059040590572676]}
{"time":"2025-05-11T13:23:53.223790168+02:00","level":"INFO","msg":"CPU metrics","cores":[2.9411764705987253,6.796116504833794,1.960784313788431,1.9607843137604573,1.9999999999527063,9.09090909100931,6.930693069394304,0.9803921567910625]}
{"time":"2025-05-11T13:23:54.200066114+02:00","level":"INFO","msg":"CPU metrics","average_load":[4.915912031025826]}
{"time":"2025-05-11T13:23:54.200109863+02:00","level":"INFO","msg":"CPU metrics","cores":[3.125,9.183673469440787,3.092783505078276,0,1.030927835072812,1.0416666666824566,6.185567010342143,12.63157894739563]}
{"time":"2025-05-11T13:23:55.200262989+02:00","level":"INFO","msg":"CPU metrics","average_load":[5.124999999878128]}
{"time":"2025-05-11T13:23:55.200313161+02:00","level":"INFO","msg":"CPU metrics","cores":[1.99999999998181,5.154639175364061,3.9603960395879123,2.0408163264908383,8.823529411743726,2.970297029783212,6.060606060522544,9.000000000014552]}
{"time":"2025-05-11T13:23:56.200183243+02:00","level":"INFO","msg":"CPU metrics","average_load":[7.430730478689367]}
{"time":"2025-05-11T13:23:56.200261386+02:00","level":"INFO","msg":"CPU metrics","cores":[8.247422680488734,2.04081632655334,9.000000000014552,9.708737864123963,7.142857142949949,14.999999999563443,2.0000000000436557,8.910891089169539]}
{"time":"2025-05-11T13:23:57.20055357+02:00","level":"INFO","msg":"CPU metrics","average_load":[16.83291770549698]}
{"time":"2025-05-11T13:23:57.200952706+02:00","level":"INFO","msg":"CPU metrics","cores":[10.204081632488284,13.861386138628125,24.242424242365782,14.000000000032742,22.549019607710264,11.111111111458168,26.732673267123452,8.16326530624177]}
{"time":"2025-05-11T13:23:58.199966773+02:00","level":"INFO","msg":"CPU metrics","average_load":[9.056603773744119]}
{"time":"2025-05-11T13:23:58.200125713+02:00","level":"INFO","msg":"CPU metrics","cores":[6.060606060522544,10.101010100993397,12.87128712870039,19.00000000005093,5.050505050479067,5.999999999949068,10.101010101141872,3.9999999999381544]}
{"time":"2025-05-11T13:23:59.2005519+02:00","level":"INFO","msg":"CPU metrics","average_load":[5.316455696072658]}
{"time":"2025-05-11T13:23:59.200637418+02:00","level":"INFO","msg":"CPU metrics","cores":[3.061224489875466,14.141414141280514,8.16326530624177,1.0101010100258454,2.04081632655334,3.0303030303531404,3.061224489689855,7.142857142857142]}
{"time":"2025-05-11T13:24:00.20024689+02:00","level":"INFO","msg":"CPU metrics","average_load":[5.7500000000800355]}
{"time":"2025-05-11T13:24:00.200347414+02:00","level":"INFO","msg":"CPU metrics","cores":[4.00000000005457,2.0202020202651214,17.647058823146523,3.9603960396209006,5.940594059386326,6.999999999890861,4.000000000029104,2.0202020201435587]}
{"time":"2025-05-11T13:24:01.199790936+02:00","level":"INFO","msg":"CPU metrics","average_load":[6.783919597941261]}
{"time":"2025-05-11T13:24:01.199826003+02:00","level":"INFO","msg":"CPU metrics","cores":[6.999999999959982,5.999999999949068,11.000000000058208,3.9603960396209006,7.070707070823993,11.000000000058208,4.99999999992724,5.00000000001819]}
{"time":"2025-05-11T13:24:02.200505977+02:00","level":"INFO","msg":"CPU metrics","average_load":[11.55778894476955]}
{"time":"2025-05-11T13:24:02.20060201+02:00","level":"INFO","msg":"CPU metrics","cores":[4.040404040346507,18.000000000029104,11.764705882463087,13.26530612251527,13.999999999759893,7.291666666777195,16.32653061254036,6.0606060606116285]}
{"time":"2025-05-11T13:24:03.200268889+02:00","level":"INFO","msg":"CPU metrics","average_load":[8.395989974966364]}
{"time":"2025-05-11T13:24:03.200363906+02:00","level":"INFO","msg":"CPU metrics","cores":[2.04081632655334,15.15151515162094,6.999999999970896,6.999999999869033,17.000000000189175,5.999999999949068,7.070707070640257,4.040404040470853]}
{"time":"2025-05-11T13:24:04.200117141+02:00","level":"INFO","msg":"CPU metrics","average_load":[4.642409033858368]}
{"time":"2025-05-11T13:24:04.200206001+02:00","level":"INFO","msg":"CPU metrics","cores":[6.000000000127329,19.19191919186908,1.0101010101177132,2.0000000000727596,4.950495049458588,1.0101010101177132,2.9702970297404163,1.9801980198554745]}
{"time":"2025-05-11T13:24:05.200728721+02:00","level":"INFO","msg":"CPU metrics","average_load":[3.495630461903999]}
{"time":"2025-05-11T13:24:05.200813167+02:00","level":"INFO","msg":"CPU metrics","cores":[2.999999999974534,15.686274509726994,1.0000000000363798,1.000000000007276,1.0000000000218279,2.970297029560318,1.0000000000363798,2.9999999998835847]}
{"time":"2025-05-11T13:24:06.200380533+02:00","level":"INFO","msg":"CPU metrics","average_load":[3.3919597990620365]}
{"time":"2025-05-11T13:24:06.200459642+02:00","level":"INFO","msg":"CPU metrics","cores":[0,11.11111111111111,0,1.020408163291822,3.9999999999054126,2.970297029783212,2.020202020051691,4.95049504956736]}
{"time":"2025-05-11T13:24:07.200171639+02:00","level":"INFO","msg":"CPU metrics","average_load":[6.037735848952304]}
{"time":"2025-05-11T13:24:07.200261243+02:00","level":"INFO","msg":"CPU metrics","cores":[3.0303030303058143,4.99999999992724,2.0000000000436557,3.9603960395308517,6.060606060706281,23.469387755155072,2.0202020202354265,2.999999999974534]}
{"time":"2025-05-11T13:24:08.20018266+02:00","level":"INFO","msg":"CPU metrics","average_load":[9.571788413191259]}
{"time":"2025-05-11T13:24:08.200209031+02:00","level":"INFO","msg":"CPU metrics","cores":[5.00000000001819,17.171717171886062,3.0303030303058143,10.101010100993397,24.24242424263025,11.000000000058208,5.000000000109139,2.0408163264908383]}
{"time":"2025-05-11T13:24:09.200645287+02:00","level":"INFO","msg":"CPU metrics","average_load":[8.930817610195744]}
{"time":"2025-05-11T13:24:09.200732569+02:00","level":"INFO","msg":"CPU metrics","cores":[9.000000000014552,11.11111111111111,4.040404040319596,3.0000000000654836,9.18367346930442,1.0101010101325607,4.040404040287117,28.712871287364088]}
{"time":"2025-05-11T13:24:10.200233731+02:00","level":"INFO","msg":"CPU metrics","average_load":[5.562579013820976]}
{"time":"2025-05-11T13:24:10.200303643+02:00","level":"INFO","msg":"CPU metrics","cores":[0,11.578947368326324,1.99999999998181,15.151515151214493,3.0000000000654836,1.000000000007276,1.020408163291822,10.204081632488284]}
{"time":"2025-05-11T13:24:11.200166744+02:00","level":"INFO","msg":"CPU metrics","average_load":[5.436156763571669]}
{"time":"2025-05-11T13:24:11.200198127+02:00","level":"INFO","msg":"CPU metrics","cores":[8.00000000010914,20.202020201986794,2.0202020202354265,2.1052631579793877,2.970297029603114,1.9801980197039069,1.0101010101177132,7.920792079241801]}
{"time":"2025-05-11T13:24:12.200525072+02:00","level":"INFO","msg":"CPU metrics","average_load":[6.431273644375208]}
{"time":"2025-05-11T13:24:12.200587131+02:00","level":"INFO","msg":"CPU metrics","cores":[21.999999999614374,5.050505050479067,7.070707070548389,3.1250000000473697,2.0000000000436557,7.000000000050932,3.0000000000654836,2.0202020202651214]}
{"time":"2025-05-11T13:24:13.200700038+02:00","level":"INFO","msg":"CPU metrics","average_load":[5.79345088164856]}
{"time":"2025-05-11T13:24:13.200774447+02:00","level":"INFO","msg":"CPU metrics","cores":[3.0000000001091394,19.80198019790925,3.0303030303531404,1.0869565217477268,7.843137254975392,0,4.040404040346507,5.00000000001819]}
{"time":"2025-05-11T13:24:14.200324189+02:00","level":"INFO","msg":"CPU metrics","average_load":[6.060606060522544]}
{"time":"2025-05-11T13:24:14.200413347+02:00","level":"INFO","msg":"CPU metrics","cores":[4.950495049477312,12.00000000007276,2.0202020202948163,5.154639175253865,7.999999999992724,11.111111111274433,4.950495049458588,1.0309278349635838]}
{"time":"2025-05-11T13:24:15.200079738+02:00","level":"INFO","msg":"CPU metrics","average_load":[3.9141414141488378]}
{"time":"2025-05-11T13:24:15.200176031+02:00","level":"INFO","msg":"CPU metrics","cores":[2.0202020201435587,14.141414141464251,2.0202020201435587,2.083333333364913,6.930693069304255,0,2.04081632655334,1.9801980197654259]}
{"time":"2025-05-11T13:24:16.20035015+02:00","level":"INFO","msg":"CPU metrics","average_load":[8.406524466726374]}
{"time":"2025-05-11T13:24:16.200406627+02:00","level":"INFO","msg":"CPU metrics","cores":[5.999999999949068,29.292929292678743,1.020408163291822,3.0303030303976826,6.930693069314063,16.50485436901434,2.040816326583644,2.0202020202651214]}
{"time":"2025-05-11T13:24:17.199746428+02:00","level":"INFO","msg":"CPU metrics","average_load":[5.527638190999329]}
{"time":"2025-05-11T13:24:17.199803301+02:00","level":"INFO","msg":"CPU metrics","cores":[5.000000000109139,8.080808080757972,1.9801980197368951,5.102040816197739,15.841584158255358,3.0000000000654836,3.0303030303531404,2.999999999974534]}
{"time":"2025-05-11T13:24:18.200173801+02:00","level":"INFO","msg":"CPU metrics","average_load":[6.2972292191872015]}
{"time":"2025-05-11T13:24:18.200239214+02:00","level":"INFO","msg":"CPU metrics","cores":[15.15151515162094,11.000000000058208,3.061224489875466,3.0927835050773096,11.111111111182565,1.0101010099339771,1.0101010101325607,2.000000000014552]}
{"time":"2025-05-11T13:24:19.200501028+02:00","level":"INFO","msg":"CPU metrics","average_load":[8.155583437847651]}
{"time":"2025-05-11T13:24:19.200581153+02:00","level":"INFO","msg":"CPU metrics","cores":[8.999999999923602,29.12621359228359,9.999999999799911,4.040404040411464,6.000000000130967,1.0101010101177132,4.901960784222811,4.123711340353112]}
{"time":"2025-05-11T13:24:20.199884896+02:00","level":"INFO","msg":"CPU metrics","average_load":[5.8080808080455455]}
{"time":"2025-05-11T13:24:20.199932094+02:00","level":"INFO","msg":"CPU metrics","cores":[6.930693069304255,0,7.000000000163709,3.0303030303976826,25.25252525229976,4.0000000000873115,0,2.020202020051691]}
{"time":"2025-05-11T13:24:21.200120501+02:00","level":"INFO","msg":"CPU metrics","average_load":[13.625000000154614]}
{"time":"2025-05-11T13:24:21.20015417+02:00","level":"INFO","msg":"CPU metrics","cores":[6.930693069214207,23.46938775480658,16.999999999759893,5.050505050479067,22.000000000025466,17.171717171886062,10.000000000181899,4.081632653167288]}
{"time":"2025-05-11T13:24:22.200534593+02:00","level":"INFO","msg":"CPU metrics","average_load":[7.759699624481428]}
{"time":"2025-05-11T13:24:22.200621931+02:00","level":"INFO","msg":"CPU metrics","cores":[2.040816326613948,3.9603960396209006,5,2.9702970297404163,9.900990098864575,2.0202020202354265,34.65346534607103,2.9999999999308784]}
{"time":"2025-05-11T13:24:23.200092685+02:00","level":"INFO","msg":"CPU metrics","average_load":[4.260651629130039]}
{"time":"2025-05-11T13:24:23.200168256+02:00","level":"INFO","msg":"CPU metrics","cores":[2.999999999974534,4.901960784311977,0,0,1.9801980198840048,13.861386138628125,9.090909091193048,1.0000000000363798]}
{"time":"2025-05-11T13:24:24.200386047+02:00","level":"INFO","msg":"CPU metrics","average_load":[4.636591478740388]}
{"time":"2025-05-11T13:24:24.200453458+02:00","level":"INFO","msg":"CPU metrics","cores":[2.999999999974534,1.0101010101325607,2.0000000000436557,2.9702970297404163,1.000000000007276,26.999999999650754,1.9801980196468463,0]}
{"time":"2025-05-11T13:24:25.200042201+02:00","level":"INFO","msg":"CPU metrics","average_load":[3.666245259161543]}
{"time":"2025-05-11T13:24:25.200115364+02:00","level":"INFO","msg":"CPU metrics","cores":[1.02040816327667,1.9999999999527063,2.0202020202354265,6.0606060606116285,8.163265306056159,9.09090909100931,0,1.0101010100406926]}
{"time":"2025-05-11T13:24:26.20023803+02:00","level":"INFO","msg":"CPU metrics","average_load":[12.15538847112973]}
{"time":"2025-05-11T13:24:26.200279105+02:00","level":"INFO","msg":"CPU metrics","cores":[7.920792079241801,9.090909090967553,6.122448979565321,26.262626262711635,26.000000000021828,13.131313131162802,2.0202020202354265,3.0000000000654836]}
{"time":"2025-05-11T13:24:27.200294253+02:00","level":"INFO","msg":"CPU metrics","average_load":[3.5308953342282874]}
{"time":"2025-05-11T13:24:27.200339119+02:00","level":"INFO","msg":"CPU metrics","cores":[3.030303030261272,1.0204081631838644,2.999999999974534,2.04081632655334,14.28571428580709,1.0101010101325607,2.0000000000436557,2.999999999974534]}
{"time":"2025-05-11T13:24:28.200685836+02:00","level":"INFO","msg":"CPU metrics","average_load":[3.939008894508959]}
{"time":"2025-05-11T13:24:28.200738205+02:00","level":"INFO","msg":"CPU metrics","cores":[4.0000000000873115,3.960396039677961,2.04081632655334,8.695652174119356,9.900990098864575,0,1.02040816327667,2.0202020202354265]}
{"time":"2025-05-11T13:24:29.200230661+02:00","level":"INFO","msg":"CPU metrics","average_load":[6.549118388006728]}
{"time":"2025-05-11T13:24:29.200293118+02:00","level":"INFO","msg":"CPU metrics","cores":[2.999999999974534,4.950495049387263,3.960396039677961,14.583333333175435,10.20408163273261,3.0000000000654836,1.020408163291822,11.999999999989086]}
{"time":"2025-05-11T13:24:30.20035933+02:00","level":"INFO","msg":"CPU metrics","average_load":[3.4090909090324475]}
{"time":"2025-05-11T13:24:30.200424882+02:00","level":"INFO","msg":"CPU metrics","cores":[3.999999999996362,3.0303030303531404,1.0101010100258454,10.30927835050773,4.950495049548637,1.0101010101177132,2.0202020202651214,1.02040816327667]}
{"time":"2025-05-11T13:24:31.199715201+02:00","level":"INFO","msg":"CPU metrics","average_load":[6.179066834738936]}
{"time":"2025-05-11T13:24:31.199760539+02:00","level":"INFO","msg":"CPU metrics","cores":[3.030303030261272,3.061224489875466,4.950495049638687,17.346938775424974,1.0101010101177132,15.151515151437204,3.030303030169404,1.0101010100406926]}
{"time":"2025-05-11T13:24:32.20023273+02:00","level":"INFO","msg":"CPU metrics","average_load":[10.579345088283315]}
{"time":"2025-05-11T13:24:32.200317051+02:00","level":"INFO","msg":"CPU metrics","cores":[4.040404040438375,5.88235294118696,4.081632653013875,34.02061855725684,2.999999999974534,28.282828282744767,3.0000000000654836,3.030303030261272]}
{"time":"2025-05-11T13:24:33.200640876+02:00","level":"INFO","msg":"CPU metrics","average_load":[3.909205548495199]}
{"time":"2025-05-11T13:24:33.200708148+02:00","level":"INFO","msg":"CPU metrics","cores":[4.08163265310668,4.040404040319596,1.99999999998181,8.999999999792635,9.18367346930442,1.020408163291822,1.0101010101325607,1.0101010101177132]}
{"time":"2025-05-11T13:24:34.200102926+02:00","level":"INFO","msg":"CPU metrics","average_load":[11.979823455386828]}
{"time":"2025-05-11T13:24:34.200151422+02:00","level":"INFO","msg":"CPU metrics","cores":[1.99999999998181,2.0202020202948163,1.010101010102866,1.020408163291822,11.22448979602443,5.000000000109139,69.6969696964686,3.0303030303976826]}
{"time":"2025-05-11T13:24:35.200457323+02:00","level":"INFO","msg":"CPU metrics","average_load":[5.541561712741784]}
{"time":"2025-05-11T13:24:35.20053318+02:00","level":"INFO","msg":"CPU metrics","cores":[22.9999999997126,3.03030303021673,2.970297029693163,0,8.163265306056159,1.9999999998617568,2.0000000000436557,3.9999999999054126]}
{"time":"2025-05-11T13:24:36.19953194+02:00","level":"INFO","msg":"CPU metrics","average_load":[6.037735849132239]}
{"time":"2025-05-11T13:24:36.199567212+02:00","level":"INFO","msg":"CPU metrics","cores":[1.0204081631990163,15.306122449006107,2.04081632655334,3.9603960396209006,9.900990099097275,4.95049504956736,5.050505050588567,6.060606060703496]}
{"time":"2025-05-11T13:24:37.200078536+02:00","level":"INFO","msg":"CPU metrics","average_load":[6.8095838587312105]}
{"time":"2025-05-11T13:24:37.200162914+02:00","level":"INFO","msg":"CPU metrics","cores":[3.9603960396209006,6.1224489796581265,2.040816326521142,19.38775510208059,3.9999999999381544,9.000000000014552,6.060606060522544,3.9603960395638396]}
{"time":"2025-05-11T13:24:38.200547494+02:00","level":"INFO","msg":"CPU metrics","average_load":[5.786163522127009]}
{"time":"2025-05-11T13:24:38.200631416+02:00","level":"INFO","msg":"CPU metrics","cores":[6.000000000040018,6.930693069214207,3.0303030303531404,8.080808080849838,0,12.999999999919964,6.122448979565321,4.040404040378986]}
{"time":"2025-05-11T13:24:39.199866196+02:00","level":"INFO","msg":"CPU metrics","average_load":[9.848484848418035]}
{"time":"2025-05-11T13:24:39.199903394+02:00","level":"INFO","msg":"CPU metrics","cores":[18.1818181816595,8.00000000001819,6.999999999879947,14.285714285714285,4.040404040438375,14.432989690831842,7.07070707074419,6.000000000127329]}
{"time":"2025-05-11T13:24:40.200190753+02:00","level":"INFO","msg":"CPU metrics","average_load":[7.286432160860058]}
{"time":"2025-05-11T13:24:40.200234536+02:00","level":"INFO","msg":"CPU metrics","cores":[6.060606060703496,7.000000000061846,1.0101010101325607,3.0000000000654836,2.0000000000436557,18.00000000029104,17.171717171633656,5.999999999949068]}
{"time":"2025-05-11T13:24:41.200491918+02:00","level":"INFO","msg":"CPU metrics","average_load":[8.56423173779036]}
{"time":"2025-05-11T13:24:41.200581171+02:00","level":"INFO","msg":"CPU metrics","cores":[19.99999999998181,19.587628865714528,1.000000000007276,1.9999999999236024,1.0101010100258454,3.9603960395308517,16.32653061248354,3.0303030303085983]}
{"time":"2025-05-11T13:24:42.200167244+02:00","level":"INFO","msg":"CPU metrics","average_load":[4.785894206641447]}
{"time":"2025-05-11T13:24:42.200271465+02:00","level":"INFO","msg":"CPU metrics","cores":[1.02040816327667,5.102040816366305,3.0000000000654836,5.102040816366305,2.0202020202354265,15.306122448964441,1.9999999998617568,2.0202020201732536]}
{"time":"2025-05-11T13:24:43.200551457+02:00","level":"INFO","msg":"CPU metrics","average_load":[6.124999999974534]}
{"time":"2025-05-11T13:24:43.200644958+02:00","level":"INFO","msg":"CPU metrics","cores":[10.891089108934963,12.5,2.0202020201732536,5.940594059476375,4.950495049458588,11.999999999898137,3.0000000000654836,2.0000000000436557]}
{"time":"2025-05-11T13:24:44.200185553+02:00","level":"INFO","msg":"CPU metrics","average_load":[5.276381909550495]}
{"time":"2025-05-11T13:24:44.200263335+02:00","level":"INFO","msg":"CPU metrics","cores":[12.871287128790437,4.08163265310668,9.99999999994543,3.030303030261272,6.1224489796581265,1.0101010101177132,0,2.020202020051691]}
{"time":"2025-05-11T13:24:45.200526856+02:00","level":"INFO","msg":"CPU metrics","average_load":[5.548549810838414]}
{"time":"2025-05-11T13:24:45.200634092+02:00","level":"INFO","msg":"CPU metrics","cores":[9.18367346930442,11.224489795931625,6.060606060614412,3.0303030303058143,1.0000000000218279,11.00000000003638,2.0000000000436557,2.0202020202651214]}
{"time":"2025-05-11T13:24:46.200185203+02:00","level":"INFO","msg":"CPU metrics","average_load":[5.269761606019149]}
{"time":"2025-05-11T13:24:46.200278034+02:00","level":"INFO","msg":"CPU metrics","cores":[8.163265306148965,6.8627450981703415,2.970297029783212,3.9603960395638396,3.999999999996362,10.101010100993397,3.061224489689855,3.0303030303976826]}
{"time":"2025-05-11T13:24:47.199606314+02:00","level":"INFO","msg":"CPU metrics","average_load":[8.59671302155202]}
{"time":"2025-05-11T13:24:47.199642726+02:00","level":"INFO","msg":"CPU metrics","cores":[22.448979591956057,9.183673469440787,2.0202020201435587,5.050505050570936,3.0303030303531404,5.050505050588567,18.000000000029104,4.081632653013875]}
{"time":"2025-05-11T13:24:48.199797586+02:00","level":"INFO","msg":"CPU metrics","average_load":[6.909547738569907]}
{"time":"2025-05-11T13:24:48.199834122+02:00","level":"INFO","msg":"CPU metrics","cores":[19.99999999998181,8.999999999792635,6.0606060606116285,7.070707070640257,2.9999999998835847,3.9999999999054126,5.940594059300735,1.9999999999236024]}
{"time":"2025-05-11T13:24:49.200233004+02:00","level":"INFO","msg":"CPU metrics","average_load":[3.8847117794851838]}
{"time":"2025-05-11T13:24:49.200302702+02:00","level":"INFO","msg":"CPU metrics","cores":[2.0202020202651214,5.0000000000909495,3.9603960396538884,4.040404040378986,3.061224489875466,7.070707070640257,3.0303030303976826,2.0000000000727596]}
{"time":"2025-05-11T13:24:50.200473392+02:00","level":"INFO","msg":"CPU metrics","average_load":[3.7688442211046094]}
{"time":"2025-05-11T13:24:50.200546662+02:00","level":"INFO","msg":"CPU metrics","cores":[7.070707070640257,2.0000000000436557,2.0000000000436557,2.0000000000436557,6.930693069314063,4.040404040530243,5.999999999949068,1.0101010100258454]}
{"time":"2025-05-11T13:24:51.200128221+02:00","level":"INFO","msg":"CPU metrics","average_load":[4.249999999956344]}
{"time":"2025-05-11T13:24:51.200217906+02:00","level":"INFO","msg":"CPU metrics","cores":[3.06122448983001,10.891089108778045,3.9603960394737903,1.9999999999527063,3.0000000000654836,7.843137254863497,1.020408163291822,0]}
{"time":"2025-05-11T13:24:52.200162874+02:00","level":"INFO","msg":"CPU metrics","average_load":[9.00000000005457]}
{"time":"2025-05-11T13:24:52.200196748+02:00","level":"INFO","msg":"CPU metrics","cores":[24.99999999990905,5.999999999949068,1.020408163291822,8.000000000083674,3.0612244897372043,6.862745097983268,16.161616161515944,3.9603960396209006]}
{"time":"2025-05-11T13:24:53.200381139+02:00","level":"INFO","msg":"CPU metrics","average_load":[5.144291091580189]}
{"time":"2025-05-11T13:24:53.200444856+02:00","level":"INFO","msg":"CPU metrics","cores":[24.00000000006912,2.999999999974534,2.970297029783212,3.061224489689855,2.0000000000727596,4.950495049638687,1.0101010101325607,2.0000000000436557]}
{"time":"2025-05-11T13:24:54.199737511+02:00","level":"INFO","msg":"CPU metrics","average_load":[5.4361567636516765]}
{"time":"2025-05-11T13:24:54.19977483+02:00","level":"INFO","msg":"CPU metrics","cores":[13.131313131355817,1.0101010101177132,17.171717171794192,5.154639175192968,0,4.040404040287117,2.000000000014552,1.0101010101325607]}
{"time":"2025-05-11T13:24:55.200082454+02:00","level":"INFO","msg":"CPU metrics","average_load":[5.269761606033466]}
{"time":"2025-05-11T13:24:55.200138964+02:00","level":"INFO","msg":"CPU metrics","cores":[2.0202020202354265,3.0303030303976826,11.764705882127403,4.166666666698246,13.999999999941792,2.0202020202354265,1.0101010101177132,0]}
{"time":"2025-05-11T13:24:56.200336635+02:00","level":"INFO","msg":"CPU metrics","average_load":[5.513784461103752]}
{"time":"2025-05-11T13:24:56.200403016+02:00","level":"INFO","msg":"CPU metrics","cores":[2.999999999974534,2.9702970296503675,22.54901960803196,4.21052631589428,3.999999999996362,3.9603960395879123,2.9702970296459097,3.9215686273425825]}
{"time":"2025-05-11T13:24:57.199849026+02:00","level":"INFO","msg":"CPU metrics","average_load":[10.24020227552887]}
{"time":"2025-05-11T13:24:57.19991799+02:00","level":"INFO","msg":"CPU metrics","cores":[23.999999999978172,2.0408163264908383,9.000000000014552,3.157894736680865,11.111111111019243,3.9999999999054126,10.101010100993397,17.171717171725522]}
{"time":"2025-05-11T13:24:58.200212846+02:00","level":"INFO","msg":"CPU metrics","average_load":[7.268170426210041]}
{"time":"2025-05-11T13:24:58.200262577+02:00","level":"INFO","msg":"CPU metrics","cores":[4.040404040438375,2.0202020202651214,4.040404040378986,5.000000000181899,1.9801980198554745,6.000000000043656,32.32323232303189,2.040816326583644]}
{"time":"2025-05-11T13:24:59.200230638+02:00","level":"INFO","msg":"CPU metrics","average_load":[14.754098360538414]}
{"time":"2025-05-11T13:24:59.20026915+02:00","level":"INFO","msg":"CPU metrics","cores":[9.090909090875684,37.99999999945794,16.66666666660722,4.123711340103724,4.040404040378986,14.14141414148838,27.000000000043656,6.060606060522544]}
{"time":"2025-05-11T13:25:00.200260483+02:00","level":"INFO","msg":"CPU metrics","average_load":[14.646464646523109]}
{"time":"2025-05-11T13:25:00.200300972+02:00","level":"INFO","msg":"CPU metrics","cores":[4.040404040378986,18.1818181816595,15.306122449098913,54.455445544160376,4.081632653074482,7.999999999876309,7.070707070640257,5.999999999949068]}
{"time":"2025-05-11T13:25:01.200136992+02:00","level":"INFO","msg":"CPU metrics","average_load":[9.734513274255695]}
{"time":"2025-05-11T13:25:01.200177232+02:00","level":"INFO","msg":"CPU metrics","cores":[5.00000000001819,6.0606060606116285,14.14141414148838,41.83673469465787,4.040404040378986,2.061855670176556,1.0101010101325607,5.00000000001819]}
{"time":"2025-05-11T13:25:02.200527642+02:00","level":"INFO","msg":"CPU metrics","average_load":[9.284818067761066]}
{"time":"2025-05-11T13:25:02.200613867+02:00","level":"INFO","msg":"CPU metrics","cores":[30.00000000001819,3.0000000000654836,4.040404040378986,2.9999999998835847,7.920792079127679,1.9801980198554745,15.151515151398229,7.216494845430422]}
{"time":"2025-05-11T13:25:03.200213432+02:00","level":"INFO","msg":"CPU metrics","average_load":[7.295597484341427]}
{"time":"2025-05-11T13:25:03.200250838+02:00","level":"INFO","msg":"CPU metrics","cores":[35.35353535390468,3.030303030261272,2.0202020202651214,2.0202020202354265,4.040404040530243,1.02040816327667,5.050505050662804,5.88235294110304]}
{"time":"2025-05-11T13:25:04.200709679+02:00","level":"INFO","msg":"CPU metrics","average_load":[8.124999999899956]}
{"time":"2025-05-11T13:25:04.200813882+02:00","level":"INFO","msg":"CPU metrics","cores":[12.745098039175474,6.8627450981703415,7.070707070732126,6.060606060522544,23.23232323249769,4.0000000000873115,4.950495049387263,2.0000000000436557]}
{"time":"2025-05-11T13:25:05.200212612+02:00","level":"INFO","msg":"CPU metrics","average_load":[6.516290726792135]}
{"time":"2025-05-11T13:25:05.200314433+02:00","level":"INFO","msg":"CPU metrics","cores":[0,0,2.9999999998835847,1.9801980198554745,35.92233009652157,3.030303030213946,3.0303030303976826,2.0202020202354265]}
{"time":"2025-05-11T13:25:06.200138803+02:00","level":"INFO","msg":"CPU metrics","average_load":[5.89711417820341]}
{"time":"2025-05-11T13:25:06.200175153+02:00","level":"INFO","msg":"CPU metrics","cores":[2.0202020200813853,1.9999999999527063,3.0303030303531404,9.000000000014552,24.271844660309906,3.9603960396538884,2.0202020202354265,2.0202020201732536]}
{"time":"2025-05-11T13:25:07.200438848+02:00","level":"INFO","msg":"CPU metrics","average_load":[9.673366834267313]}
{"time":"2025-05-11T13:25:07.200506557+02:00","level":"INFO","msg":"CPU metrics","cores":[34.99999999952706,2.0202020201435587,7.920792079241801,4.081632653013875,3.0612244897826604,1.0101010099339771,18.62745098036768,3.0612244897826604]}
{"time":"2025-05-11T13:25:08.200408437+02:00","level":"INFO","msg":"CPU metrics","average_load":[9.170854271214392]}
{"time":"2025-05-11T13:25:08.200493077+02:00","level":"INFO","msg":"CPU metrics","cores":[3.0303030303058143,4.040404040530243,9.090909090875684,27.000000000436557,10.891089108868096,4.040404040530243,6.999999999788997,9.900990098954624]}
{"time":"2025-05-11T13:25:09.200596895+02:00","level":"INFO","msg":"CPU metrics","average_load":[9.673366834267313]}
{"time":"2025-05-11T13:25:09.200676504+02:00","level":"INFO","msg":"CPU metrics","cores":[3.061224489875466,15.999999999985448,7.999999999992724,12.999999999919964,5.050505050553304,7.142857142751079,6.12244897966002,16.32653061229793]}
{"time":"2025-05-11T13:25:10.200551195+02:00","level":"INFO","msg":"CPU metrics","average_load":[4.761904761974231]}
{"time":"2025-05-11T13:25:10.200621242+02:00","level":"INFO","msg":"CPU metrics","cores":[3.0000000000654836,1.0101010100258454,24.48979591808325,1.0000000000218279,1.000000000007276,1.0000000000363798,1.9607843136100989,3.0303030303531404]}
{"time":"2025-05-11T13:25:11.200401662+02:00","level":"INFO","msg":"CPU metrics","average_load":[9.93710691821666]}
{"time":"2025-05-11T13:25:11.200474453+02:00","level":"INFO","msg":"CPU metrics","cores":[1.9999999999236024,15.151515151490097,2.970297029693163,3.9603960395638396,0,2.000000000014552,2.040816326583644,53.53535353583143]}
{"time":"2025-05-11T13:25:12.200486661+02:00","level":"INFO","msg":"CPU metrics","average_load":[8.080808080757972]}
{"time":"2025-05-11T13:25:12.200535454+02:00","level":"INFO","msg":"CPU metrics","cores":[10.10101010090153,6.060606060703496,6.000000000040018,3.191489361763886,3.9603960396209006,2.0202020202651214,7.070707070823993,26.7326732670334]}
{"time":"2025-05-11T13:25:13.200340166+02:00","level":"INFO","msg":"CPU metrics","average_load":[6.382978723437194]}
{"time":"2025-05-11T13:25:13.200393493+02:00","level":"INFO","msg":"CPU metrics","cores":[4.9504950495299145,22.44897959152991,1.9999999999527063,5.102040816273499,3.00000000001819,4.040404040287117,1.9999999998617568,5.940594059476375]}
{"time":"2025-05-11T13:25:14.200356364+02:00","level":"INFO","msg":"CPU metrics","average_load":[4.150943396120389]}
{"time":"2025-05-11T13:25:14.200413431+02:00","level":"INFO","msg":"CPU metrics","cores":[1.9801980198269442,1.0000000000363798,1.9801980198554745,4.0000000000873115,2.0202020202354265,18.36734693915431,5.000000000109139,2.999999999974534]}
