[ Average CPU Load:   1.9% ] Core1:   1.9%  Core2:   3.8%  Core3:   1.9%  Core4:   1.9%  Core5:   1.0%  Core6:   1.0%  Core7:   5.8%  Core8:   1.0%  
[ Average CPU Load:   1.6% ] Core1:   0.0%  Core2:   1.1%  Core3:   0.0%  Core4:   2.1%  Core5:   5.2%  Core6:   0.0%  Core7:   0.0%  Core8:   3.1%  
[ Average CPU Load:   1.8% ] Core1:   0.0%  Core2:   0.0%  Core3:   1.0%  Core4:   5.0%  Core5:   4.0%  Core6:   2.0%  Core7:   0.0%  Core8:   3.0%  
[ Average CPU Load:   1.5% ] Core1:   0.0%  Core2:   1.0%  Core3:   0.0%  Core4:   1.0%  Core5:   4.0%  Core6:   2.0%  Core7:   0.0%  Core8:   3.0%  
[ Average CPU Load:   3.8% ] Core1:   2.0%  Core2:   0.0%  Core3:   0.0%  Core4:   1.0%  Core5:   1.0%  Core6:   2.0%  Core7:   7.1%  Core8:  17.2%  
[ Average CPU Load:   1.4% ] Core1:   1.0%  Core2:   2.0%  Core3:   1.0%  Core4:   0.0%  Core5:   2.0%  Core6:   2.0%  Core7:   3.0%  Core8:   0.0%  
[ Average CPU Load:   1.4% ] Core1:   0.0%  Core2:   0.0%  Core3:   0.0%  Core4:   0.0%  Core5:   1.0%  Core6:   1.0%  Core7:   4.0%  Core8:   2.0%  
[ Average CPU Load:   1.5% ] Core1:   1.0%  Core2:   0.0%  Core3:   1.0%  Core4:   0.0%  Core5:   3.0%  Core6:   2.0%  Core7:   3.0%  Core8:   3.0%  
[ Average CPU Load:   1.3% ] Core1:   2.0%  Core2:   1.0%  Core3:   2.0%  Core4:   3.0%  Core5:   3.0%  Core6:   0.0%  Core7:   0.0%  Core8:   1.0%  
[ Average CPU Load:   5.1% ] Core1:   5.0%  Core2:  14.0%  Core3:   0.0%  Core4:   4.0%  Core5:   3.0%  Core6:   0.0%  Core7:   0.0%  Core8:  14.3%  
[ Average CPU Load:   4.9% ] Core1:   0.0%  Core2:  31.3%  Core3:   0.0%  Core4:   0.0%  Core5:   1.0%  Core6:   1.0%  Core7:   4.0%  Core8:   1.0%  
[ Average CPU Load:   0.6% ] Core1:   0.0%  Core2:   0.0%  Core3:   0.0%  Core4:   1.0%  Core5:   2.0%  Core6:   1.0%  Core7:   1.0%  Core8:   1.0%  
[ Average CPU Load:   1.0% ] Core1:   2.0%  Core2:   0.0%  Core3:   0.0%  Core4:   0.0%  Core5:   2.0%  Core6:   1.0%  Core7:   0.0%  Core8:   2.0%  
[ Average CPU Load:   0.9% ] Core1:   0.0%  Core2:   0.0%  Core3:   1.0%  Core4:   3.0%  Core5:   1.0%  Core6:   0.0%  Core7:   1.0%  Core8:   0.0%  
[ Average CPU Load:   2.8% ] Core1:   1.0%  Core2:   0.0%  Core3:   0.0%  Core4:   2.0%  Core5:   4.0%  Core6:  15.3%  Core7:   1.0%  Core8:   0.0%  
[ Average CPU Load:   2.0% ] Core1:   0.0%  Core2:   1.0%  Core3:   0.0%  Core4:   0.0%  Core5:   4.1%  Core6:   9.0%  Core7:   0.0%  Core8:   1.0%  
[ Average CPU Load:   1.4% ] Core1:   1.0%  Core2:   0.0%  Core3:   0.0%  Core4:   1.0%  Core5:   7.0%  Core6:   1.0%  Core7:   0.0%  Core8:   1.0%  
[ Average CPU Load:   1.5% ] Core1:   0.0%  Core2:   0.0%  Core3:   3.9%  Core4:   1.0%  Core5:   5.1%  Core6:   0.0%  Core7:   1.0%  Core8:   2.0%  
[ Average CPU Load:   0.6% ] Core1:   0.0%  Core2:   1.0%  Core3:   0.0%  Core4:   0.0%  Core5:   0.0%  Core6:   2.0%  Core7:   1.0%  Core8:   2.0%  
[ Average CPU Load:   3.0% ] Core1:   0.0%  Core2:   0.0%  Core3:   0.0%  Core4:   2.0%  Core5:   3.0%  Core6:  13.1%  Core7:   4.0%  Core8:   0.0%  
[ Average CPU Load:   0.9% ] Core1:   0.0%  Core2:   0.0%  Core3:   1.0%  Core4:   2.0%  Core5:   2.0%  Core6:   1.0%  Core7:   0.0%  Core8:   0.0%  
[ Average CPU Load:   1.3% ] Core1:   2.0%  Core2:   1.0%  Core3:   1.0%  Core4:   1.0%  Core5:   1.0%  Core6:   1.0%  Core7:   0.0%  Core8:   2.9%  
[ Average CPU Load:   1.1% ] Core1:   1.0%  Core2:   0.0%  Core3:   0.0%  Core4:   2.0%  Core5:   3.0%  Core6:   0.0%  Core7:   0.0%  Core8:   2.0%  
[ Average CPU Load:   1.4% ] Core1:   1.0%  Core2:   1.0%  Core3:   1.0%  Core4:   1.0%  Core5:   4.0%  Core6:   2.0%  Core7:   2.9%  Core8:   2.0%  
[ Average CPU Load:   5.4% ] Core1:   0.0%  Core2:  13.1%  Core3:   0.0%  Core4:   0.0%  Core5:   3.0%  Core6:  21.2%  Core7:   5.1%  Core8:   0.0%  
[ Average CPU Load:   0.4% ] Core1:   0.0%  Core2:   1.0%  Core3:   0.0%  Core4:   1.0%  Core5:   1.0%  Core6:   0.0%  Core7:   1.0%  Core8:   0.0%  
[ Average CPU Load:   1.0% ] Core1:   0.0%  Core2:   0.0%  Core3:   1.0%  Core4:   1.0%  Core5:   1.0%  Core6:   0.0%  Core7:   4.9%  Core8:   0.0%  
[ Average CPU Load:   1.2% ] Core1:   0.0%  Core2:   0.0%  Core3:   1.0%  Core4:   1.0%  Core5:   1.0%  Core6:   0.0%  Core7:   2.0%  Core8:   3.9%  
[ Average CPU Load:   1.5% ] Core1:   0.0%  Core2:   1.0%  Core3:   1.0%  Core4:   1.0%  Core5:   3.0%  Core6:   0.0%  Core7:   5.0%  Core8:   0.0%  
[ Average CPU Load:   3.4% ] Core1:   0.0%  Core2:   2.0%  Core3:   1.0%  Core4:   1.0%  Core5:   1.0%  Core6:  11.9%  Core7:  11.0%  Core8:   0.0%  
[ Average CPU Load:   4.1% ] Core1:  12.9%  Core2:   1.0%  Core3:   4.9%  Core4:   1.0%  Core5:   2.0%  Core6:  11.0%  Core7:   0.0%  Core8:   2.0%  
[ Average CPU Load:   0.8% ] Core1:   0.0%  Core2:   0.0%  Core3:   3.0%  Core4:   1.0%  Core5:   0.0%  Core6:   0.0%  Core7:   0.0%  Core8:   1.0%  
[ Average CPU Load:   1.5% ] Core1:   1.0%  Core2:   3.0%  Core3:   5.0%  Core4:   0.0%  Core5:   1.0%  Core6:   0.0%  Core7:   0.0%  Core8:   0.0%  
[ Average CPU Load:   1.6% ] Core1:   1.0%  Core2:   0.0%  Core3:   8.0%  Core4:   2.0%  Core5:   0.0%  Core6:   0.0%  Core7:   2.0%  Core8:   1.0%  
[ Average CPU Load:   2.6% ] Core1:   0.0%  Core2:   1.0%  Core3:   7.0%  Core4:   1.0%  Core5:   1.0%  Core6:   1.0%  Core7:   2.0%  Core8:   8.1%  
[ Average CPU Load:   1.5% ] Core1:   0.0%  Core2:   0.0%  Core3:   4.0%  Core4:   4.0%  Core5:   1.0%  Core6:   0.0%  Core7:   2.9%  Core8:   0.0%  
[ Average CPU Load:   2.9% ] Core1:   0.0%  Core2:   1.0%  Core3:   5.0%  Core4:   0.0%  Core5:   2.0%  Core6:  13.0%  Core7:   1.0%  Core8:   2.0%  
[ Average CPU Load:   0.9% ] Core1:   1.0%  Core2:   0.0%  Core3:   3.0%  Core4:   2.0%  Core5:   1.0%  Core6:   0.0%  Core7:   0.0%  Core8:   1.0%  
[ Average CPU Load:  11.2% ] Core1:   2.0%  Core2:   3.1%  Core3:   2.0%  Core4:  12.1%  Core5:   8.8%  Core6:  20.4%  Core7:  35.6%  Core8:   3.0%  
[ Average CPU Load:   9.4% ] Core1:   4.2%  Core2:   4.1%  Core3:   5.2%  Core4:   4.1%  Core5:   2.1%  Core6:  24.0%  Core7:  13.1%  Core8:  20.6%  
[ Average CPU Load:   4.3% ] Core1:   1.0%  Core2:   4.0%  Core3:   1.0%  Core4:   2.0%  Core5:   3.0%  Core6:   2.0%  Core7:   2.0%  Core8:  19.4%  
[ Average CPU Load:   3.5% ] Core1:   2.0%  Core2:   0.0%  Core3:   4.0%  Core4:   2.0%  Core5:   0.0%  Core6:   3.0%  Core7:   0.0%  Core8:  18.2%  
[ Average CPU Load:   3.9% ] Core1:   1.0%  Core2:   2.0%  Core3:   2.0%  Core4:  12.1%  Core5:   2.0%  Core6:   5.1%  Core7:   1.0%  Core8:   7.0%  
[ Average CPU Load:   6.5% ] Core1:   4.0%  Core2:   2.0%  Core3:   5.1%  Core4:   7.9%  Core5:   8.1%  Core6:  14.9%  Core7:   5.1%  Core8:   3.0%  
[ Average CPU Load:   3.4% ] Core1:   1.9%  Core2:   1.0%  Core3:   8.8%  Core4:   1.0%  Core5:   1.9%  Core6:   1.0%  Core7:  10.7%  Core8:   1.0%  
[ Average CPU Load:   5.0% ] Core1:   2.0%  Core2:   7.1%  Core3:   3.1%  Core4:   1.0%  Core5:   7.1%  Core6:   3.1%  Core7:  13.7%  Core8:   4.1%  
[ Average CPU Load:   4.8% ] Core1:   6.0%  Core2:   4.0%  Core3:   8.2%  Core4:   2.0%  Core5:   2.0%  Core6:   5.1%  Core7:  10.1%  Core8:   1.0%  
[ Average CPU Load:   9.7% ] Core1:   4.0%  Core2:   9.0%  Core3:   4.0%  Core4:   8.2%  Core5:  14.1%  Core6:   7.9%  Core7:   3.0%  Core8:  26.3%  
[ Average CPU Load:   6.4% ] Core1:   5.0%  Core2:   3.0%  Core3:  10.3%  Core4:  15.0%  Core5:   5.9%  Core6:   1.0%  Core7:   8.1%  Core8:   3.0%  
[ Average CPU Load:   6.6% ] Core1:  12.2%  Core2:   3.0%  Core3:  18.0%  Core4:  11.1%  Core5:   2.0%  Core6:   2.0%  Core7:   0.0%  Core8:   3.0%  
[ Average CPU Load:   5.8% ] Core1:   9.0%  Core2:   3.0%  Core3:  23.2%  Core4:   3.1%  Core5:   1.0%  Core6:   3.0%  Core7:   1.0%  Core8:   1.0%  
[ Average CPU Load:   6.1% ] Core1:   7.1%  Core2:   5.0%  Core3:  18.8%  Core4:   3.0%  Core5:   3.0%  Core6:   8.9%  Core7:   2.0%  Core8:   5.0%  
[ Average CPU Load:  12.1% ] Core1:   9.0%  Core2:   3.0%  Core3:   0.0%  Core4:   3.0%  Core5:   4.1%  Core6:  13.7%  Core7:  28.6%  Core8:  32.7%  
[ Average CPU Load:   3.7% ] Core1:   1.0%  Core2:   4.9%  Core3:   6.9%  Core4:   1.9%  Core5:   2.0%  Core6:   2.0%  Core7:   2.0%  Core8:   7.9%  
[ Average CPU Load:   8.6% ] Core1:  31.6%  Core2:   4.1%  Core3:   7.1%  Core4:   7.3%  Core5:   1.0%  Core6:   4.1%  Core7:   7.1%  Core8:   7.1%  
[ Average CPU Load:   6.5% ] Core1:   8.1%  Core2:   6.1%  Core3:   5.1%  Core4:   7.0%  Core5:   2.0%  Core6:   7.0%  Core7:  15.0%  Core8:   2.0%  
[ Average CPU Load:   7.0% ] Core1:   4.0%  Core2:   5.9%  Core3:   6.0%  Core4:  12.1%  Core5:   5.1%  Core6:   6.0%  Core7:  12.0%  Core8:   4.0%  
[ Average CPU Load:   3.9% ] Core1:   3.0%  Core2:   1.0%  Core3:  18.3%  Core4:   3.0%  Core5:   1.0%  Core6:   1.0%  Core7:   0.0%  Core8:   2.0%  
[ Average CPU Load:   6.4% ] Core1:   4.0%  Core2:   5.0%  Core3:  17.0%  Core4:  12.7%  Core5:   3.9%  Core6:   5.0%  Core7:   2.0%  Core8:   3.0%  
[ Average CPU Load:   6.2% ] Core1:   5.1%  Core2:   2.0%  Core3:   9.9%  Core4:  12.4%  Core5:   3.0%  Core6:   5.1%  Core7:   4.0%  Core8:   8.9%  
[ Average CPU Load:   7.9% ] Core1:   6.0%  Core2:   5.0%  Core3:  12.1%  Core4:   5.0%  Core5:   1.0%  Core6:  15.5%  Core7:   2.1%  Core8:  16.0%  
[ Average CPU Load:   5.6% ] Core1:   5.2%  Core2:   2.0%  Core3:   2.0%  Core4:   9.9%  Core5:   2.0%  Core6:   8.9%  Core7:   5.1%  Core8:   8.1%  
[ Average CPU Load:   5.0% ] Core1:  19.2%  Core2:   2.0%  Core3:   3.0%  Core4:   4.0%  Core5:   2.0%  Core6:   2.0%  Core7:   7.9%  Core8:   4.0%  
[ Average CPU Load:   6.1% ] Core1:  15.2%  Core2:   5.9%  Core3:   2.0%  Core4:   4.0%  Core5:   2.0%  Core6:   3.0%  Core7:   8.1%  Core8:   6.1%  
[ Average CPU Load:   4.9% ] Core1:  13.3%  Core2:   6.0%  Core3:   4.0%  Core4:   1.0%  Core5:   1.0%  Core6:   2.0%  Core7:   2.0%  Core8:   9.0%  
[ Average CPU Load:   7.7% ] Core1:  24.2%  Core2:   8.0%  Core3:   4.0%  Core4:   4.0%  Core5:   8.1%  Core6:   5.0%  Core7:   2.0%  Core8:   7.1%  
[ Average CPU Load:   6.1% ] Core1:   2.0%  Core2:  15.0%  Core3:   5.9%  Core4:   2.0%  Core5:   6.0%  Core6:   4.0%  Core7:   6.1%  Core8:   6.9%  
[ Average CPU Load:   9.5% ] Core1:  16.8%  Core2:   2.0%  Core3:  13.1%  Core4:   7.8%  Core5:   7.9%  Core6:   6.1%  Core7:  15.7%  Core8:   7.0%  
[ Average CPU Load:   4.9% ] Core1:   5.9%  Core2:   3.0%  Core3:   5.3%  Core4:  13.0%  Core5:   1.0%  Core6:   4.0%  Core7:   1.0%  Core8:   6.0%  
[ Average CPU Load:   5.0% ] Core1:   4.0%  Core2:   3.0%  Core3:   5.9%  Core4:   0.0%  Core5:   4.0%  Core6:   7.0%  Core7:   1.0%  Core8:  14.3%  
[ Average CPU Load:   4.4% ] Core1:   1.0%  Core2:  12.9%  Core3:   2.0%  Core4:   3.9%  Core5:   5.0%  Core6:   4.1%  Core7:   2.0%  Core8:   5.9%  
[ Average CPU Load:   3.1% ] Core1:   3.0%  Core2:  10.2%  Core3:   1.0%  Core4:   0.0%  Core5:   2.0%  Core6:   3.0%  Core7:   3.0%  Core8:   2.0%  
[ Average CPU Load:   3.4% ] Core1:   2.0%  Core2:  14.1%  Core3:   1.0%  Core4:   2.0%  Core5:   1.0%  Core6:   2.0%  Core7:   3.0%  Core8:   2.0%  
[ Average CPU Load:   6.0% ] Core1:  15.2%  Core2:   5.1%  Core3:   3.0%  Core4:   1.0%  Core5:   3.0%  Core6:   6.0%  Core7:   2.0%  Core8:  13.9%  
[ Average CPU Load:   7.7% ] Core1:  22.0%  Core2:  12.1%  Core3:   1.0%  Core4:   3.0%  Core5:   6.1%  Core6:   4.0%  Core7:   5.1%  Core8:   5.0%  
[ Average CPU Load:  15.6% ] Core1:  92.9%  Core2:   6.1%  Core3:   5.9%  Core4:   8.0%  Core5:   1.0%  Core6:   5.1%  Core7:   5.0%  Core8:   3.9%  
[ Average CPU Load:   5.0% ] Core1:   1.0%  Core2:   6.9%  Core3:   6.1%  Core4:   9.8%  Core5:   3.0%  Core6:   2.0%  Core7:   3.0%  Core8:   8.1%  
[ Average CPU Load:   4.4% ] Core1:   4.0%  Core2:  15.0%  Core3:   2.0%  Core4:   2.0%  Core5:   2.0%  Core6:   1.0%  Core7:   4.0%  Core8:   3.0%  
[ Average CPU Load:   8.8% ] Core1:  18.2%  Core2:  19.8%  Core3:   1.0%  Core4:  12.6%  Core5:   4.0%  Core6:   3.0%  Core7:   9.1%  Core8:   5.1%  
[ Average CPU Load:   5.9% ] Core1:   9.1%  Core2:   4.0%  Core3:  15.3%  Core4:   8.0%  Core5:   1.0%  Core6:   2.0%  Core7:   2.0%  Core8:   4.0%  
